<?xml version="1.0" encoding="UTF-8" ?>
<testsuite tests="56" failures="0" name="ca.uqam.inf2015.projetagile.DollarTest" time="0.156" errors="0" skipped="0">
  <properties>
[...]
</properties>
  <testcase classname="ca.uqam.inf2015.projetagile.DollarTest" name="testCalculerRemboursementNormal" time="0"/>
  <testcase classname="ca.uqam.inf2015.projetagile.DollarTest" name="testConvertirDoubleEnIntNormal" time="0"/>
  <testcase classname="ca.uqam.inf2015.projetagile.DollarTest" name="testConvertirStringDollarEnDoubleNormal" time="0"/>
  <testcase classname="ca.uqam.inf2015.projetagile.DollarTest" name="testConvertirDoubleEnStringDollarNul" time="0"/>
  <testcase classname="ca.uqam.inf2015.projetagile.DollarTest" name="testConvertirStringDollarEnIntGrand" time="0"/>
  <testcase classname="ca.uqam.inf2015.projetagile.DollarTest" name="testConvertirStringDollarEnIntPetit" time="0"/>
  <testcase classname="ca.uqam.inf2015.projetagile.DollarTest" name="testConvertirStringDollarEnDoubleGrand" time="0"/>
  <testcase classname="ca.uqam.inf2015.projetagile.DollarTest" name="testConvertirStringDollarEnDoublePetit" time="0"/>
  <testcase classname="ca.uqam.inf2015.projetagile.DollarTest" name="testCalculerRemboursementGrandMontant" time="0"/>
  <testcase classname="ca.uqam.inf2015.projetagile.DollarTest" name="testConvertirDoubleEnIntnul" time="0"/>
  <testcase classname="ca.uqam.inf2015.projetagile.DollarTest" name="testConvertirIntEnStringDollarNul" time="0"/>
  <testcase classname="ca.uqam.inf2015.projetagile.DollarTest" name="testSoustractionDollarException" time="0"/>
  <testcase classname="ca.uqam.inf2015.projetagile.DollarTest" name="testConvertirIntEnDoubleNul" time="0"/>
  <testcase classname="ca.uqam.inf2015.projetagile.DollarTest" name="testConvertirEnStringDollarException" time="0"/>
  <testcase classname="ca.uqam.inf2015.projetagile.DollarTest" name="testSoustractionDollarGrand" time="0"/>
  <testcase classname="ca.uqam.inf2015.projetagile.DollarTest" name="testSoustractionDollarPetit" time="0"/>
  <testcase classname="ca.uqam.inf2015.projetagile.DollarTest" name="testAdditionDollarNormal" time="0"/>
  <testcase classname="ca.uqam.inf2015.projetagile.DollarTest" name="testConvertirIntEnDoubleGrand" time="0"/>
  <testcase classname="ca.uqam.inf2015.projetagile.DollarTest" name="testConvertirIntEnDoublePetit" time="0"/>
  <testcase classname="ca.uqam.inf2015.projetagile.DollarTest" name="testSetMontant" time="0"/>
  <testcase classname="ca.uqam.inf2015.projetagile.DollarTest" name="testConvertirIntEnDoubleNormal" time="0"/>
  <testcase classname="ca.uqam.inf2015.projetagile.DollarTest" name="testConvertirEnStringDollarNul" time="0"/>
  <testcase classname="ca.uqam.inf2015.projetagile.DollarTest" name="testSoustractionDollarNormal" time="0"/>
  <testcase classname="ca.uqam.inf2015.projetagile.DollarTest" name="testAdditionDollarSAnnule" time="0"/>
  <testcase classname="ca.uqam.inf2015.projetagile.DollarTest" name="testAdditionDollarException" time="0"/>
  <testcase classname="ca.uqam.inf2015.projetagile.DollarTest" name="testConvertirDoubleEnStringDollarNormal" time="0"/>
  <testcase classname="ca.uqam.inf2015.projetagile.DollarTest" name="testConvertirDoubleEnIntGrand" time="0"/>
  <testcase classname="ca.uqam.inf2015.projetagile.DollarTest" name="testConvertirDoubleEnIntPetit" time="0"/>
  <testcase classname="ca.uqam.inf2015.projetagile.DollarTest" name="testConvertirStringDollarEnIntException" time="0"/>
  <testcase classname="ca.uqam.inf2015.projetagile.DollarTest" name="testConvertirEnStringDollarNormal" time="0"/>
  <testcase classname="ca.uqam.inf2015.projetagile.DollarTest" name="testSoustractionDollarNul" time="0"/>
  <testcase classname="ca.uqam.inf2015.projetagile.DollarTest" name="testContientVirguleFalse" time="0"/>
  <testcase classname="ca.uqam.inf2015.projetagile.DollarTest" name="testConvertirStringDollarEnDoubleException" time="0.015"/>
  <testcase classname="ca.uqam.inf2015.projetagile.DollarTest" name="testAdditionDollarGrand" time="0"/>
  <testcase classname="ca.uqam.inf2015.projetagile.DollarTest" name="testAdditionDollarPetit" time="0"/>
  <testcase classname="ca.uqam.inf2015.projetagile.DollarTest" name="testConvertirIntEnStringDollarGrand" time="0"/>
  <testcase classname="ca.uqam.inf2015.projetagile.DollarTest" name="testConvertirIntEnStringDollarPetit" time="0"/>
  <testcase classname="ca.uqam.inf2015.projetagile.DollarTest" name="testCalculerRemboursementPetitMontant" time="0"/>
  <testcase classname="ca.uqam.inf2015.projetagile.DollarTest" name="testAdditionDollarNul" time="0"/>
  <testcase classname="ca.uqam.inf2015.projetagile.DollarTest" name="testContientVirguleTrue" time="0"/>
  <testcase classname="ca.uqam.inf2015.projetagile.DollarTest" name="testAdditionDollarNegatif" time="0"/>
  <testcase classname="ca.uqam.inf2015.projetagile.DollarTest" name="testConvertirDoubleEnStringDollarGrand" time="0"/>
  <testcase classname="ca.uqam.inf2015.projetagile.DollarTest" name="testConvertirDoubleEnStringDollarPetit" time="0"/>
  <testcase classname="ca.uqam.inf2015.projetagile.DollarTest" name="testCalculerRemboursementException" time="0"/>
  <testcase classname="ca.uqam.inf2015.projetagile.DollarTest" name="testConvertirIntEnStringDollarNegatif" time="0"/>
  <testcase classname="ca.uqam.inf2015.projetagile.DollarTest" name="testConvertirStringDollarEnIntNul" time="0"/>
  <testcase classname="ca.uqam.inf2015.projetagile.DollarTest" name="testCalculerRemboursementMontantNul" time="0"/>
  <testcase classname="ca.uqam.inf2015.projetagile.DollarTest" name="testConvertirStringDollarEnDoubleNul" time="0"/>
  <testcase classname="ca.uqam.inf2015.projetagile.DollarTest" name="testSoustractionDollarSAnnule" time="0"/>
  <testcase classname="ca.uqam.inf2015.projetagile.DollarTest" name="testConvertirIntEnStringDollarNormal" time="0"/>
  <testcase classname="ca.uqam.inf2015.projetagile.DollarTest" name="testCalculerRemboursementNul" time="0"/>
  <testcase classname="ca.uqam.inf2015.projetagile.DollarTest" name="testConvertirStringDollarEnIntNormal" time="0"/>
  <testcase classname="ca.uqam.inf2015.projetagile.DollarTest" name="testSoustractionDollarNegatif" time="0"/>
  <testcase classname="ca.uqam.inf2015.projetagile.DollarTest" name="testConvertirEnStringDollarGrand" time="0"/>
  <testcase classname="ca.uqam.inf2015.projetagile.DollarTest" name="testConvertirEnStringDollarPetit" time="0"/>
  <testcase classname="ca.uqam.inf2015.projetagile.DollarTest" name="testCalculerRemboursementComplet" time="0"/>
</testsuite>